<?xml version="1.0" encoding="UTF-8"?>
<!-- Generated by org.testng.reporters.JUnitReportReporter -->
<testsuite hostname="NithyaLenova" failures="0" tests="2" name="automation_project_amazon.Amazon_Testcase11" time="73.297" errors="0" timestamp="2024-02-25T09:23:24 CST" skipped="0">
  <testcase classname="automation_project_amazon.Amazon_Testcase11" name="entire_checkout_process" time="31.521"/>
  <system-out>
    <![CDATA[Test case Started
Test case is passed]]>
  </system-out>
  <testcase classname="automation_project_amazon.Amazon_Testcase11" name="entire_checkout_process" time="41.776"/>
  <system-out>
    <![CDATA[Test case Started
Test case is passed]]>
  </system-out>
</testsuite> <!-- automation_project_amazon.Amazon_Testcase11 -->
