<?xml version="1.0" encoding="UTF-8"?>
<!-- Generated by org.testng.reporters.JUnitReportReporter -->
<testsuite hostname="NithyaLenova" failures="0" tests="1" name="automation_project_amazon.Amazon_Testcase15" time="35.088" errors="0" timestamp="2024-02-18T21:44:14 CST" skipped="0">
  <testcase classname="automation_project_amazon.Amazon_Testcase15" name="verify_shopping_cart" time="35.088"/>
  <system-out>
    <![CDATA[Test case Started
Test case is passed]]>
  </system-out>
</testsuite> <!-- automation_project_amazon.Amazon_Testcase15 -->
