<?xml version="1.0" encoding="UTF-8"?>
<!-- Generated by org.testng.reporters.JUnitReportReporter -->
<testsuite hostname="NithyaLenova" failures="0" tests="2" name="automation_project_amazon.Amazon_Testcase10" time="57.018" errors="0" timestamp="2024-02-25T09:23:24 CST" skipped="0">
  <testcase classname="automation_project_amazon.Amazon_Testcase10" name="verify_shopping_cart_update_delete_cart" time="33.764"/>
  <system-out>
    <![CDATA[Test case Started
Test case is passed]]>
  </system-out>
  <testcase classname="automation_project_amazon.Amazon_Testcase10" name="verify_shopping_cart_update_delete_cart" time="23.254"/>
  <system-out>
    <![CDATA[Test case Started
Test case is passed]]>
  </system-out>
</testsuite> <!-- automation_project_amazon.Amazon_Testcase10 -->
