<?xml version="1.0" encoding="UTF-8"?>
<!-- Generated by org.testng.reporters.JUnitReportReporter -->
<testsuite hostname="NithyaLenova" failures="0" tests="2" name="automation_project_amazon.Amazon_Testcase05" time="36.653" errors="0" timestamp="2024-02-25T09:23:24 CST" skipped="0">
  <testcase classname="automation_project_amazon.Amazon_Testcase05" name="search_the_product" time="24.191"/>
  <system-out>
    <![CDATA[Test case Started
Test case is passed]]>
  </system-out>
  <testcase classname="automation_project_amazon.Amazon_Testcase05" name="search_the_product" time="12.462"/>
  <system-out>
    <![CDATA[Test case Started
Test case is passed]]>
  </system-out>
</testsuite> <!-- automation_project_amazon.Amazon_Testcase05 -->
