<?xml version="1.0" encoding="UTF-8"?>
<!-- Generated by org.testng.reporters.JUnitReportReporter -->
<testsuite hostname="NithyaLenova" failures="0" tests="2" name="automation_project_amazon.Amazon_Testcase12" time="89.617" errors="0" timestamp="2024-02-25T09:23:24 CST" skipped="0">
  <testcase classname="automation_project_amazon.Amazon_Testcase12" name="verify_shopping_cart" time="44.180"/>
  <system-out>
    <![CDATA[Test case Started
Test case is passed]]>
  </system-out>
  <testcase classname="automation_project_amazon.Amazon_Testcase12" name="verify_shopping_cart" time="45.437"/>
  <system-out>
    <![CDATA[Test case Started
Test case is passed]]>
  </system-out>
</testsuite> <!-- automation_project_amazon.Amazon_Testcase12 -->
