<?xml version="1.0" encoding="UTF-8"?>
<!-- Generated by org.testng.reporters.JUnitReportReporter -->
<testsuite hostname="NithyaLenova" failures="0" tests="2" name="automation_project_amazon.Amazon_Testcase06" time="48.617" errors="0" timestamp="2024-02-25T09:23:24 CST" skipped="0">
  <testcase classname="automation_project_amazon.Amazon_Testcase06" name="searching_with_filters" time="24.092"/>
  <system-out>
    <![CDATA[Test case Started
Test case is passed]]>
  </system-out>
  <testcase classname="automation_project_amazon.Amazon_Testcase06" name="searching_with_filters" time="24.525"/>
  <system-out>
    <![CDATA[Test case Started
Test case is passed]]>
  </system-out>
</testsuite> <!-- automation_project_amazon.Amazon_Testcase06 -->
