<?xml version="1.0" encoding="UTF-8"?>
<!-- Generated by org.testng.reporters.JUnitReportReporter -->
<testsuite hostname="NithyaLenova" failures="0" tests="2" name="automation_project_amazon.Amazon_Testcase08" time="44.254" errors="0" timestamp="2024-02-13T19:02:32 CST" skipped="0">
  <testcase classname="automation_project_amazon.Amazon_Testcase08" name="sorting_price_etc" time="23.260"/>
  <system-out>
    <![CDATA[Test case Started
Test case is passed]]>
  </system-out>
  <testcase classname="automation_project_amazon.Amazon_Testcase08" name="sorting_price_etc" time="20.994"/>
  <system-out>
    <![CDATA[Test case Started
Test case is passed]]>
  </system-out>
</testsuite> <!-- automation_project_amazon.Amazon_Testcase08 -->
