<?xml version="1.0" encoding="UTF-8"?>
<!-- Generated by org.testng.reporters.JUnitReportReporter -->
<testsuite hostname="NithyaLenova" failures="0" tests="2" name="automation_project_amazon.Amazon_Testcase09" time="69.391" errors="0" timestamp="2024-02-13T19:02:32 CST" skipped="0">
  <testcase classname="automation_project_amazon.Amazon_Testcase09" name="verify_shopping_cart" time="21.446"/>
  <system-out>
    <![CDATA[Test case Started
Test case is passed]]>
  </system-out>
  <testcase classname="automation_project_amazon.Amazon_Testcase09" name="verify_shopping_cart" time="47.945"/>
  <system-out>
    <![CDATA[Test case Started
Test case is passed]]>
  </system-out>
</testsuite> <!-- automation_project_amazon.Amazon_Testcase09 -->
