<?xml version="1.0" encoding="UTF-8"?>
<!-- Generated by org.testng.reporters.JUnitReportReporter -->
<testsuite hostname="NithyaLenova" failures="0" tests="2" name="automation_project_amazon.Amazon_Testcase11" time="87.306" errors="0" timestamp="2024-02-13T19:02:32 CST" skipped="0">
  <testcase classname="automation_project_amazon.Amazon_Testcase11" name="verify_shopping_cart" time="51.601"/>
  <system-out>
    <![CDATA[Test case Started
Test case is passed]]>
  </system-out>
  <testcase classname="automation_project_amazon.Amazon_Testcase11" name="verify_shopping_cart" time="35.705"/>
  <system-out>
    <![CDATA[Test case Started
Test case is passed]]>
  </system-out>
</testsuite> <!-- automation_project_amazon.Amazon_Testcase11 -->
