<?xml version="1.0" encoding="UTF-8"?>
<!-- Generated by org.testng.reporters.JUnitReportReporter -->
<testsuite hostname="NithyaLenova" failures="0" tests="1" name="automation_project_amazon.Amazon__Testcase01" time="16.682" errors="0" timestamp="2024-02-13T19:15:52 CST" skipped="0">
  <testcase classname="automation_project_amazon.Amazon__Testcase01" name="sign_in_firsttime" time="16.682"/>
  <system-out/>
</testsuite> <!-- automation_project_amazon.Amazon__Testcase01 -->
