<?xml version="1.0" encoding="UTF-8"?>
<!-- Generated by org.testng.reporters.JUnitReportReporter -->
<testsuite hostname="NithyaLenova" failures="0" tests="1" name="automation_project_amazon.Amazon_Testcase15" time="14.981" errors="0" timestamp="2024-02-13T11:50:20 CST" skipped="0">
  <testcase classname="automation_project_amazon.Amazon_Testcase15" name="verify_shopping_cart" time="14.981"/>
  <system-out>
    <![CDATA[Test case Started
Test case is passed]]>
  </system-out>
</testsuite> <!-- automation_project_amazon.Amazon_Testcase15 -->
