<?xml version="1.0" encoding="UTF-8"?>
<!-- Generated by org.testng.reporters.JUnitReportReporter -->
<testsuite hostname="NithyaLenova" failures="0" tests="2" name="automation_project_amazon.Amazon_Testcase07" time="52.944" errors="0" timestamp="2024-02-13T19:02:32 CST" skipped="0">
  <testcase classname="automation_project_amazon.Amazon_Testcase07" name="necessary_info_price_etc" time="26.523"/>
  <system-out>
    <![CDATA[Test case Started
Test case is passed]]>
  </system-out>
  <testcase classname="automation_project_amazon.Amazon_Testcase07" name="necessary_info_price_etc" time="26.421"/>
  <system-out>
    <![CDATA[Test case Started
Test case is passed]]>
  </system-out>
</testsuite> <!-- automation_project_amazon.Amazon_Testcase07 -->
