<?xml version="1.0" encoding="UTF-8"?>
<!-- Generated by org.testng.reporters.JUnitReportReporter -->
<testsuite hostname="NithyaLenova" failures="0" tests="1" name="automation_project_amazon.Amazon_Testcase03" time="6.787" errors="0" timestamp="2024-02-13T18:21:43 CST" skipped="0">
  <testcase classname="automation_project_amazon.Amazon_Testcase03" name="invalid_login_credentials" time="6.787"/>
  <system-out/>
</testsuite> <!-- automation_project_amazon.Amazon_Testcase03 -->
