<?xml version="1.0" encoding="UTF-8"?>
<!-- Generated by org.testng.reporters.JUnitReportReporter -->
<testsuite hostname="NithyaLenova" failures="0" tests="1" name="goibibo_project.Goibibo_Testcase3" time="14.992" errors="0" timestamp="2024-03-02T13:02:26 CST" skipped="0">
  <testcase classname="goibibo_project.Goibibo_Testcase3" name="login_invalid_credentials" time="14.992"/>
  <system-out>
    <![CDATA[Test case Started
Test case is passed]]>
  </system-out>
</testsuite> <!-- goibibo_project.Goibibo_Testcase3 -->
