<?xml version="1.0" encoding="UTF-8"?>
<!-- Generated by org.testng.reporters.JUnitReportReporter -->
<testsuite hostname="NithyaLenova" failures="0" tests="1" name="goibibo_project.Goibibo_Testcase2" time="22.585" errors="0" timestamp="2024-03-02T12:46:48 CST" skipped="0">
  <testcase classname="goibibo_project.Goibibo_Testcase2" name="login_valid_credentials" time="22.585"/>
  <system-out>
    <![CDATA[Test case Started
Test case is passed]]>
  </system-out>
</testsuite> <!-- goibibo_project.Goibibo_Testcase2 -->
