<?xml version="1.0" encoding="UTF-8"?>
<!-- Generated by org.testng.reporters.JUnitReportReporter -->
<testsuite hostname="NithyaLenova" failures="0" tests="1" name="goibibo_project.Goibibo_Testcase15" time="36.068" errors="0" timestamp="2024-03-03T12:54:18 CST" skipped="0">
  <testcase classname="goibibo_project.Goibibo_Testcase15" name="search_oneway_flight" time="36.068"/>
  <system-out>
    <![CDATA[Test case Started
Test case is passed]]>
  </system-out>
</testsuite> <!-- goibibo_project.Goibibo_Testcase15 -->
