<?xml version="1.0" encoding="UTF-8"?>
<!-- Generated by org.testng.reporters.JUnitReportReporter -->
<testsuite hostname="NithyaLenova" failures="0" tests="1" name="goibibo_project.Goibibo_Testcase5" time="22.454" errors="0" timestamp="2024-03-03T12:54:18 CST" skipped="0">
  <testcase classname="goibibo_project.Goibibo_Testcase5" name="roundtrip_flight" time="22.454"/>
  <system-out>
    <![CDATA[Test case Started
Test case is passed]]>
  </system-out>
</testsuite> <!-- goibibo_project.Goibibo_Testcase5 -->
