<?xml version="1.0" encoding="UTF-8"?>
<!-- Generated by org.testng.reporters.JUnitReportReporter -->
<testsuite hostname="NithyaLenova" failures="0" tests="1" name="goibibo_project.Goibibo_Testcase1" time="44.484" errors="0" timestamp="2024-03-04T21:27:57 CST" skipped="0">
  <testcase classname="goibibo_project.Goibibo_Testcase1" name="register_account" time="44.484"/>
  <system-out>
    <![CDATA[Test case Started
Test case is passed]]>
  </system-out>
</testsuite> <!-- goibibo_project.Goibibo_Testcase1 -->
