<?xml version="1.0" encoding="UTF-8"?>
<!-- Generated by org.testng.reporters.JUnitReportReporter -->
<testsuite hostname="NithyaLenova" failures="0" tests="1" name="goibibo_project.Goibibo_Testcase12" time="91.328" errors="0" timestamp="2024-03-04T22:00:30 CST" skipped="0">
  <testcase classname="goibibo_project.Goibibo_Testcase12" name="login_search_logout" time="91.328"/>
  <system-out>
    <![CDATA[Test case Started
Test case is passed]]>
  </system-out>
</testsuite> <!-- goibibo_project.Goibibo_Testcase12 -->
