<?xml version="1.0" encoding="UTF-8"?>
<!-- Generated by org.testng.reporters.JUnitReportReporter -->
<testsuite hostname="NithyaLenova" failures="0" tests="2" name="maven_assignment.Amz_Smoke_01" time="35.207" errors="0" timestamp="2024-02-12T13:14:05 CST" skipped="0">
  <testcase classname="maven_assignment.Amz_Smoke_01" name="login_with_valid_credentials" time="18.687"/>
  <system-out/>
  <testcase classname="maven_assignment.Amz_Smoke_01" name="login_with_valid_credentials" time="16.520"/>
  <system-out/>
</testsuite> <!-- maven_assignment.Amz_Smoke_01 -->
