<?xml version="1.0" encoding="UTF-8"?>
<!-- Generated by org.testng.reporters.JUnitReportReporter -->
<testsuite hostname="NithyaLenova" failures="0" tests="1" name="test_case.Amz_Login_01" time="6.212" errors="0" timestamp="2024-01-30T21:30:40 CST" skipped="0">
  <testcase classname="test_case.Amz_Login_01" name="login_with_valid_credentials" time="6.212"/>
</testsuite> <!-- test_case.Amz_Login_01 -->
