<?xml version="1.0" encoding="UTF-8"?>
<!-- Generated by org.testng.reporters.JUnitReportReporter -->
<testsuite hostname="NithyaLenova" failures="0" tests="2" name="maven_assignment.Amz_Smoke_05" time="76.883" errors="0" timestamp="2024-02-12T13:14:05 CST" skipped="0">
  <testcase classname="maven_assignment.Amz_Smoke_05" name="credit_card" time="46.028"/>
  <system-out/>
  <testcase classname="maven_assignment.Amz_Smoke_05" name="credit_card" time="30.855"/>
  <system-out/>
</testsuite> <!-- maven_assignment.Amz_Smoke_05 -->
