<?xml version="1.0" encoding="UTF-8"?>
<!-- Generated by org.testng.reporters.JUnitReportReporter -->
<testsuite hostname="NithyaLenova" failures="0" tests="1" name="automation_project_amazon.Amazon_Testcase05" time="20.458" errors="0" timestamp="2024-02-06T11:53:08 CST" skipped="0">
  <testcase classname="automation_project_amazon.Amazon_Testcase05" name="search" time="20.458"/>
  <system-out/>
</testsuite> <!-- automation_project_amazon.Amazon_Testcase05 -->
