<?xml version="1.0" encoding="UTF-8"?>
<!-- Generated by org.testng.reporters.JUnitReportReporter -->
<testsuite hostname="NithyaLenova" failures="0" tests="1" name="test_case_amazon.Amz_Home_03" time="14.853" errors="0" timestamp="2024-01-31T08:26:44 CST" skipped="0">
  <testcase classname="test_case_amazon.Amz_Home_03" name="login_with_valid_credentials" time="14.853"/>
</testsuite> <!-- test_case_amazon.Amz_Home_03 -->
