<?xml version="1.0" encoding="UTF-8"?>
<!-- Generated by org.testng.reporters.JUnitReportReporter -->
<testsuite hostname="NithyaLenova" failures="0" tests="1" name="test_case.Testcase2" time="0.001" errors="0" timestamp="2024-01-30T21:30:40 CST" skipped="0">
  <testcase classname="test_case.Testcase2" name="testcase1" time="0.001"/>
</testsuite> <!-- test_case.Testcase2 -->
