<?xml version="1.0" encoding="UTF-8"?>
<!-- Generated by org.testng.reporters.JUnitReportReporter -->
<testsuite hostname="NithyaLenova" failures="0" tests="2" name="maven_assignment.Amz_Smoke_07" time="76.487" errors="0" timestamp="2024-02-12T13:14:05 CST" skipped="0">
  <testcase classname="maven_assignment.Amz_Smoke_07" name="upi" time="36.288"/>
  <system-out/>
  <testcase classname="maven_assignment.Amz_Smoke_07" name="upi" time="40.199"/>
  <system-out/>
</testsuite> <!-- maven_assignment.Amz_Smoke_07 -->
