<?xml version="1.0" encoding="UTF-8"?>
<!-- Generated by org.testng.reporters.JUnitReportReporter -->
<testsuite hostname="NithyaLenova" failures="0" tests="2" name="maven_assignment.Amz_Smoke_06" time="68.252" errors="0" timestamp="2024-02-12T13:14:05 CST" skipped="0">
  <testcase classname="maven_assignment.Amz_Smoke_06" name="debit_card" time="30.571"/>
  <system-out/>
  <testcase classname="maven_assignment.Amz_Smoke_06" name="debit_card" time="37.681"/>
  <system-out/>
</testsuite> <!-- maven_assignment.Amz_Smoke_06 -->
