<?xml version="1.0" encoding="UTF-8"?>
<!-- Generated by org.testng.reporters.JUnitReportReporter -->
<testsuite hostname="NithyaLenova" failures="0" tests="1" name="automation_project_amazon.Amazon_Testcase02" time="9.478" errors="0" timestamp="2024-02-06T11:56:30 CST" skipped="0">
  <testcase classname="automation_project_amazon.Amazon_Testcase02" name="check_username_password" time="9.478"/>
  <system-out/>
</testsuite> <!-- automation_project_amazon.Amazon_Testcase02 -->
