<?xml version="1.0" encoding="UTF-8"?>
<!-- Generated by org.testng.reporters.JUnitReportReporter -->
<testsuite hostname="NithyaLenova" failures="0" tests="1" name="automation_project_amazon.Amazon_Testcase04" time="28.864" errors="0" timestamp="2024-02-06T11:34:02 CST" skipped="0">
  <testcase classname="automation_project_amazon.Amazon_Testcase04" name="edit_profile_info" time="28.864"/>
  <system-out/>
</testsuite> <!-- automation_project_amazon.Amazon_Testcase04 -->
