<?xml version="1.0" encoding="UTF-8"?>
<!-- Generated by org.testng.reporters.JUnitReportReporter -->
<testsuite hostname="NithyaLenova" failures="0" tests="1" name="maven_assignment.Amz_Smoke_09" time="34.457" errors="0" timestamp="2024-02-15T20:59:51 CST" skipped="0">
  <testcase classname="maven_assignment.Amz_Smoke_09" name="update_address" time="34.457"/>
  <system-out/>
</testsuite> <!-- maven_assignment.Amz_Smoke_09 -->
