<?xml version="1.0" encoding="UTF-8"?>
<!-- Generated by org.testng.reporters.JUnitReportReporter -->
<testsuite hostname="NithyaLenova" failures="0" tests="1" name="automation_project_amazon.Amazon_Testcase03" time="24.751" errors="0" timestamp="2024-02-06T10:52:07 CST" skipped="0">
  <testcase classname="automation_project_amazon.Amazon_Testcase03" name="invalid_login_credentials" time="24.751"/>
  <system-out/>
</testsuite> <!-- automation_project_amazon.Amazon_Testcase03 -->
