<?xml version="1.0" encoding="UTF-8"?>
<!-- Generated by org.testng.reporters.JUnitReportReporter -->
<testsuite hostname="NithyaLenova" failures="0" tests="1" name="MavenProject.selenium.Testcase2" time="0.019" errors="0" timestamp="2024-01-18T20:37:55 CST" skipped="0">
  <testcase classname="MavenProject.selenium.Testcase2" name="testcase1" time="0.019"/>
</testsuite> <!-- MavenProject.selenium.Testcase2 -->
