<?xml version="1.0" encoding="UTF-8"?>
<!-- Generated by org.testng.reporters.JUnitReportReporter -->
<testsuite hostname="NithyaLenova" failures="0" tests="2" name="maven_assignment.Amz_Smoke_02" time="62.783" errors="0" timestamp="2024-02-14T16:32:56 CST" skipped="0">
  <testcase classname="maven_assignment.Amz_Smoke_02" name="wish_list" time="31.798"/>
  <system-out/>
  <testcase classname="maven_assignment.Amz_Smoke_02" name="wish_list" time="30.985"/>
  <system-out/>
</testsuite> <!-- maven_assignment.Amz_Smoke_02 -->
